Jan 26, 2016 6:48:46 PM org.apache.catalina.core.AprLifecycleListener init
INFO: The APR based Apache Tomcat Native library which allows optimal performance in production environments was not found on the java.library.path: /Users/BNG/Library/Java/Extensions:/Library/Java/Extensions:/Network/Library/Java/Extensions:/System/Library/Java/Extensions:/usr/lib/java:.
Jan 26, 2016 6:48:47 PM org.apache.coyote.http11.Http11Protocol init
INFO: Initializing Coyote HTTP/1.1 on http-8080
Jan 26, 2016 6:48:47 PM org.apache.catalina.startup.Catalina load
INFO: Initialization processed in 1809 ms
Jan 26, 2016 6:48:48 PM org.apache.catalina.core.StandardService start
INFO: Starting service Catalina
Jan 26, 2016 6:48:48 PM org.apache.catalina.core.StandardEngine start
INFO: Starting Servlet Engine: Apache Tomcat/6.0.44
Jan 26, 2016 6:48:48 PM org.apache.catalina.startup.HostConfig deployDirectory
INFO: Deploying web application directory docs
Jan 26, 2016 6:48:48 PM org.apache.catalina.startup.HostConfig deployDirectory
INFO: Deploying web application directory examples
Jan 26, 2016 6:48:48 PM org.apache.catalina.startup.HostConfig deployDirectory
INFO: Deploying web application directory host-manager
Jan 26, 2016 6:48:48 PM org.apache.catalina.startup.HostConfig deployDirectory
INFO: Deploying web application directory manager
Jan 26, 2016 6:48:48 PM org.apache.catalina.startup.HostConfig deployDirectory
INFO: Deploying web application directory ROOT
Jan 26, 2016 6:48:48 PM org.apache.catalina.startup.HostConfig deployDirectory
INFO: Deploying web application directory twilio
Jan 26, 2016 6:48:48 PM org.apache.coyote.http11.Http11Protocol start
INFO: Starting Coyote HTTP/1.1 on http-8080
Jan 26, 2016 6:48:48 PM org.apache.jk.common.ChannelSocket init
INFO: JK: ajp13 listening on /0.0.0.0:8009
Jan 26, 2016 6:48:48 PM org.apache.jk.server.JkMain start
INFO: Jk running ID=0 time=0/24  config=null
Jan 26, 2016 6:48:48 PM org.apache.catalina.startup.Catalina start
INFO: Server startup in 999 ms
Jan 26, 2016 6:56:19 PM org.apache.catalina.startup.HostConfig checkResources
INFO: Reloading context [/twilio]
Jan 26, 2016 7:52:46 PM org.apache.coyote.http11.Http11Protocol pause
INFO: Pausing Coyote HTTP/1.1 on http-8080
Jan 26, 2016 7:52:47 PM org.apache.catalina.core.StandardService stop
INFO: Stopping service Catalina
Jan 26, 2016 7:52:47 PM org.apache.coyote.http11.Http11Protocol destroy
INFO: Stopping Coyote HTTP/1.1 on http-8080
Jan 26, 2016 8:17:00 PM org.apache.catalina.core.AprLifecycleListener init
INFO: The APR based Apache Tomcat Native library which allows optimal performance in production environments was not found on the java.library.path: /Users/BNG/Library/Java/Extensions:/Library/Java/Extensions:/Network/Library/Java/Extensions:/System/Library/Java/Extensions:/usr/lib/java:.
Jan 26, 2016 8:17:01 PM org.apache.coyote.http11.Http11Protocol init
INFO: Initializing Coyote HTTP/1.1 on http-8080
Jan 26, 2016 8:17:01 PM org.apache.catalina.startup.Catalina load
INFO: Initialization processed in 1441 ms
Jan 26, 2016 8:17:01 PM org.apache.catalina.core.StandardService start
INFO: Starting service Catalina
Jan 26, 2016 8:17:01 PM org.apache.catalina.core.StandardEngine start
INFO: Starting Servlet Engine: Apache Tomcat/6.0.44
Jan 26, 2016 8:17:01 PM org.apache.catalina.startup.HostConfig deployDescriptor
INFO: Deploying configuration descriptor host-manager.xml
Jan 26, 2016 8:17:01 PM org.apache.catalina.startup.HostConfig deployDescriptor
INFO: Deploying configuration descriptor manager.xml
Jan 26, 2016 8:17:01 PM org.apache.catalina.startup.HostConfig deployDirectory
INFO: Deploying web application directory docs
Jan 26, 2016 8:17:01 PM org.apache.catalina.startup.HostConfig deployDirectory
INFO: Deploying web application directory examples
Jan 26, 2016 8:17:02 PM org.apache.catalina.startup.HostConfig deployDirectory
INFO: Deploying web application directory ROOT
Jan 26, 2016 8:17:02 PM org.apache.catalina.startup.HostConfig deployDirectory
INFO: Deploying web application directory twilio
Jan 26, 2016 8:17:02 PM org.apache.coyote.http11.Http11Protocol start
INFO: Starting Coyote HTTP/1.1 on http-8080
Jan 26, 2016 8:17:02 PM org.apache.jk.common.ChannelSocket init
INFO: JK: ajp13 listening on /0.0.0.0:8009
Jan 26, 2016 8:17:02 PM org.apache.jk.server.JkMain start
INFO: Jk running ID=0 time=0/28  config=null
Jan 26, 2016 8:17:02 PM org.apache.catalina.startup.Catalina start
INFO: Server startup in 970 ms
Jan 26, 2016 8:17:26 PM org.apache.coyote.http11.Http11Protocol pause
INFO: Pausing Coyote HTTP/1.1 on http-8080
Jan 26, 2016 8:17:27 PM org.apache.catalina.core.StandardService stop
INFO: Stopping service Catalina
Jan 26, 2016 8:17:27 PM org.apache.coyote.http11.Http11Protocol destroy
INFO: Stopping Coyote HTTP/1.1 on http-8080
Jan 26, 2016 8:17:36 PM org.apache.catalina.core.AprLifecycleListener init
INFO: The APR based Apache Tomcat Native library which allows optimal performance in production environments was not found on the java.library.path: /Users/BNG/Library/Java/Extensions:/Library/Java/Extensions:/Network/Library/Java/Extensions:/System/Library/Java/Extensions:/usr/lib/java:.
Jan 26, 2016 8:17:36 PM org.apache.coyote.http11.Http11Protocol init
INFO: Initializing Coyote HTTP/1.1 on http-8080
Jan 26, 2016 8:17:36 PM org.apache.catalina.startup.Catalina load
INFO: Initialization processed in 648 ms
Jan 26, 2016 8:17:36 PM org.apache.catalina.core.StandardService start
INFO: Starting service Catalina
Jan 26, 2016 8:17:36 PM org.apache.catalina.core.StandardEngine start
INFO: Starting Servlet Engine: Apache Tomcat/6.0.44
Jan 26, 2016 8:17:36 PM org.apache.catalina.startup.HostConfig deployDescriptor
INFO: Deploying configuration descriptor host-manager.xml
Jan 26, 2016 8:17:37 PM org.apache.catalina.startup.HostConfig deployDescriptor
INFO: Deploying configuration descriptor manager.xml
Jan 26, 2016 8:17:37 PM org.apache.catalina.startup.HostConfig deployDirectory
INFO: Deploying web application directory docs
Jan 26, 2016 8:17:37 PM org.apache.catalina.startup.HostConfig deployDirectory
INFO: Deploying web application directory examples
Jan 26, 2016 8:17:37 PM org.apache.catalina.startup.HostConfig deployDirectory
INFO: Deploying web application directory ROOT
Jan 26, 2016 8:17:37 PM org.apache.catalina.startup.HostConfig deployDirectory
INFO: Deploying web application directory twilio
Jan 26, 2016 8:17:37 PM org.apache.coyote.http11.Http11Protocol start
INFO: Starting Coyote HTTP/1.1 on http-8080
Jan 26, 2016 8:17:37 PM org.apache.jk.common.ChannelSocket init
INFO: JK: ajp13 listening on /0.0.0.0:8009
Jan 26, 2016 8:17:37 PM org.apache.jk.server.JkMain start
INFO: Jk running ID=0 time=0/24  config=null
Jan 26, 2016 8:17:37 PM org.apache.catalina.startup.Catalina start
INFO: Server startup in 864 ms
Jan 26, 2016 8:18:47 PM org.apache.catalina.startup.HostConfig checkResources
INFO: Reloading context [/twilio]
Jan 26, 2016 8:18:52 PM org.apache.coyote.http11.Http11Protocol pause
INFO: Pausing Coyote HTTP/1.1 on http-8080
Jan 26, 2016 8:18:53 PM org.apache.catalina.core.StandardService stop
INFO: Stopping service Catalina
Jan 26, 2016 8:18:54 PM org.apache.coyote.http11.Http11Protocol destroy
INFO: Stopping Coyote HTTP/1.1 on http-8080
Jan 26, 2016 8:19:02 PM org.apache.catalina.core.AprLifecycleListener init
INFO: The APR based Apache Tomcat Native library which allows optimal performance in production environments was not found on the java.library.path: /Users/BNG/Library/Java/Extensions:/Library/Java/Extensions:/Network/Library/Java/Extensions:/System/Library/Java/Extensions:/usr/lib/java:.
Jan 26, 2016 8:19:02 PM org.apache.coyote.http11.Http11Protocol init
INFO: Initializing Coyote HTTP/1.1 on http-8080
Jan 26, 2016 8:19:02 PM org.apache.catalina.startup.Catalina load
INFO: Initialization processed in 695 ms
Jan 26, 2016 8:19:02 PM org.apache.catalina.core.StandardService start
INFO: Starting service Catalina
Jan 26, 2016 8:19:02 PM org.apache.catalina.core.StandardEngine start
INFO: Starting Servlet Engine: Apache Tomcat/6.0.44
Jan 26, 2016 8:19:02 PM org.apache.catalina.startup.HostConfig deployDescriptor
INFO: Deploying configuration descriptor host-manager.xml
Jan 26, 2016 8:19:02 PM org.apache.catalina.startup.HostConfig deployDescriptor
INFO: Deploying configuration descriptor manager.xml
Jan 26, 2016 8:19:02 PM org.apache.catalina.startup.HostConfig deployDirectory
INFO: Deploying web application directory docs
Jan 26, 2016 8:19:03 PM org.apache.catalina.startup.HostConfig deployDirectory
INFO: Deploying web application directory examples
Jan 26, 2016 8:19:03 PM org.apache.catalina.startup.HostConfig deployDirectory
INFO: Deploying web application directory ROOT
Jan 26, 2016 8:19:03 PM org.apache.catalina.startup.HostConfig deployDirectory
INFO: Deploying web application directory twilio
Jan 26, 2016 8:19:03 PM org.apache.coyote.http11.Http11Protocol start
INFO: Starting Coyote HTTP/1.1 on http-8080
Jan 26, 2016 8:19:03 PM org.apache.jk.common.ChannelSocket init
INFO: JK: ajp13 listening on /0.0.0.0:8009
Jan 26, 2016 8:19:03 PM org.apache.jk.server.JkMain start
INFO: Jk running ID=0 time=0/24  config=null
Jan 26, 2016 8:19:03 PM org.apache.catalina.startup.Catalina start
INFO: Server startup in 922 ms
Jan 26, 2016 8:29:26 PM org.apache.coyote.http11.Http11Protocol pause
INFO: Pausing Coyote HTTP/1.1 on http-8080
Jan 26, 2016 8:29:27 PM org.apache.catalina.core.StandardService stop
INFO: Stopping service Catalina
Jan 26, 2016 8:29:27 PM org.apache.coyote.http11.Http11Protocol destroy
INFO: Stopping Coyote HTTP/1.1 on http-8080
Jan 26, 2016 8:29:32 PM org.apache.catalina.core.AprLifecycleListener init
INFO: The APR based Apache Tomcat Native library which allows optimal performance in production environments was not found on the java.library.path: /Users/BNG/Library/Java/Extensions:/Library/Java/Extensions:/Network/Library/Java/Extensions:/System/Library/Java/Extensions:/usr/lib/java:.
Jan 26, 2016 8:29:32 PM org.apache.coyote.http11.Http11Protocol init
INFO: Initializing Coyote HTTP/1.1 on http-8080
Jan 26, 2016 8:29:32 PM org.apache.catalina.startup.Catalina load
INFO: Initialization processed in 741 ms
Jan 26, 2016 8:29:33 PM org.apache.catalina.core.StandardService start
INFO: Starting service Catalina
Jan 26, 2016 8:29:33 PM org.apache.catalina.core.StandardEngine start
INFO: Starting Servlet Engine: Apache Tomcat/6.0.44
Jan 26, 2016 8:29:33 PM org.apache.catalina.startup.HostConfig deployDescriptor
INFO: Deploying configuration descriptor host-manager.xml
Jan 26, 2016 8:29:33 PM org.apache.catalina.startup.HostConfig deployDescriptor
INFO: Deploying configuration descriptor manager.xml
Jan 26, 2016 8:29:33 PM org.apache.catalina.startup.HostConfig deployDirectory
INFO: Deploying web application directory docs
Jan 26, 2016 8:29:33 PM org.apache.catalina.startup.HostConfig deployDirectory
INFO: Deploying web application directory examples
Jan 26, 2016 8:29:33 PM org.apache.catalina.startup.HostConfig deployDirectory
INFO: Deploying web application directory ROOT
Jan 26, 2016 8:29:33 PM org.apache.catalina.startup.HostConfig deployDirectory
INFO: Deploying web application directory twilio
Jan 26, 2016 8:29:33 PM org.apache.coyote.http11.Http11Protocol start
INFO: Starting Coyote HTTP/1.1 on http-8080
Jan 26, 2016 8:29:33 PM org.apache.jk.common.ChannelSocket init
INFO: JK: ajp13 listening on /0.0.0.0:8009
Jan 26, 2016 8:29:33 PM org.apache.jk.server.JkMain start
INFO: Jk running ID=0 time=0/23  config=null
Jan 26, 2016 8:29:33 PM org.apache.catalina.startup.Catalina start
INFO: Server startup in 920 ms
Jan 26, 2016 8:50:04 PM org.apache.catalina.startup.HostConfig checkResources
INFO: Reloading context [/twilio]
Jan 26, 2016 8:50:04 PM org.apache.tomcat.util.digester.Digester fatalError
SEVERE: Parse Fatal Error at line 26 column 3: The element type "servlet" must be terminated by the matching end-tag "</servlet>".
org.xml.sax.SAXParseException; systemId: jndi:/localhost/twilio/WEB-INF/web.xml; lineNumber: 26; columnNumber: 3; The element type "servlet" must be terminated by the matching end-tag "</servlet>".
	at com.sun.org.apache.xerces.internal.util.ErrorHandlerWrapper.createSAXParseException(ErrorHandlerWrapper.java:203)
	at com.sun.org.apache.xerces.internal.util.ErrorHandlerWrapper.fatalError(ErrorHandlerWrapper.java:177)
	at com.sun.org.apache.xerces.internal.impl.XMLErrorReporter.reportError(XMLErrorReporter.java:441)
	at com.sun.org.apache.xerces.internal.impl.XMLErrorReporter.reportError(XMLErrorReporter.java:368)
	at com.sun.org.apache.xerces.internal.impl.XMLScanner.reportFatalError(XMLScanner.java:1436)
	at com.sun.org.apache.xerces.internal.impl.XMLDocumentFragmentScannerImpl.scanEndElement(XMLDocumentFragmentScannerImpl.java:1749)
	at com.sun.org.apache.xerces.internal.impl.XMLDocumentFragmentScannerImpl$FragmentContentDriver.next(XMLDocumentFragmentScannerImpl.java:2973)
	at com.sun.org.apache.xerces.internal.impl.XMLDocumentScannerImpl.next(XMLDocumentScannerImpl.java:606)
	at com.sun.org.apache.xerces.internal.impl.XMLDocumentFragmentScannerImpl.scanDocument(XMLDocumentFragmentScannerImpl.java:510)
	at com.sun.org.apache.xerces.internal.parsers.XML11Configuration.parse(XML11Configuration.java:848)
	at com.sun.org.apache.xerces.internal.parsers.XML11Configuration.parse(XML11Configuration.java:777)
	at com.sun.org.apache.xerces.internal.parsers.XMLParser.parse(XMLParser.java:141)
	at com.sun.org.apache.xerces.internal.parsers.AbstractSAXParser.parse(AbstractSAXParser.java:1213)
	at com.sun.org.apache.xerces.internal.jaxp.SAXParserImpl$JAXPSAXParser.parse(SAXParserImpl.java:649)
	at org.apache.tomcat.util.digester.Digester.parse(Digester.java:1675)
	at org.apache.catalina.startup.ContextConfig.applicationWebConfig(ContextConfig.java:365)
	at org.apache.catalina.startup.ContextConfig.start(ContextConfig.java:1045)
	at org.apache.catalina.startup.ContextConfig.lifecycleEvent(ContextConfig.java:265)
	at org.apache.catalina.util.LifecycleSupport.fireLifecycleEvent(LifecycleSupport.java:142)
	at org.apache.catalina.core.StandardContext.start(StandardContext.java:4616)
	at org.apache.catalina.startup.HostConfig.checkResources(HostConfig.java:1287)
	at org.apache.catalina.startup.HostConfig.check(HostConfig.java:1385)
	at org.apache.catalina.startup.HostConfig.lifecycleEvent(HostConfig.java:307)
	at org.apache.catalina.util.LifecycleSupport.fireLifecycleEvent(LifecycleSupport.java:142)
	at org.apache.catalina.core.ContainerBase.backgroundProcess(ContainerBase.java:1392)
	at org.apache.catalina.core.ContainerBase$ContainerBackgroundProcessor.processChildren(ContainerBase.java:1656)
	at org.apache.catalina.core.ContainerBase$ContainerBackgroundProcessor.processChildren(ContainerBase.java:1665)
	at org.apache.catalina.core.ContainerBase$ContainerBackgroundProcessor.run(ContainerBase.java:1645)
	at java.lang.Thread.run(Thread.java:745)

Jan 26, 2016 8:50:04 PM org.apache.catalina.startup.ContextConfig applicationWebConfig
SEVERE: Parse error in application web.xml file at jndi:/localhost/twilio/WEB-INF/web.xml
org.xml.sax.SAXParseException; systemId: jndi:/localhost/twilio/WEB-INF/web.xml; lineNumber: 26; columnNumber: 3; The element type "servlet" must be terminated by the matching end-tag "</servlet>".
	at com.sun.org.apache.xerces.internal.util.ErrorHandlerWrapper.createSAXParseException(ErrorHandlerWrapper.java:203)
	at com.sun.org.apache.xerces.internal.util.ErrorHandlerWrapper.fatalError(ErrorHandlerWrapper.java:177)
	at com.sun.org.apache.xerces.internal.impl.XMLErrorReporter.reportError(XMLErrorReporter.java:441)
	at com.sun.org.apache.xerces.internal.impl.XMLErrorReporter.reportError(XMLErrorReporter.java:368)
	at com.sun.org.apache.xerces.internal.impl.XMLScanner.reportFatalError(XMLScanner.java:1436)
	at com.sun.org.apache.xerces.internal.impl.XMLDocumentFragmentScannerImpl.scanEndElement(XMLDocumentFragmentScannerImpl.java:1749)
	at com.sun.org.apache.xerces.internal.impl.XMLDocumentFragmentScannerImpl$FragmentContentDriver.next(XMLDocumentFragmentScannerImpl.java:2973)
	at com.sun.org.apache.xerces.internal.impl.XMLDocumentScannerImpl.next(XMLDocumentScannerImpl.java:606)
	at com.sun.org.apache.xerces.internal.impl.XMLDocumentFragmentScannerImpl.scanDocument(XMLDocumentFragmentScannerImpl.java:510)
	at com.sun.org.apache.xerces.internal.parsers.XML11Configuration.parse(XML11Configuration.java:848)
	at com.sun.org.apache.xerces.internal.parsers.XML11Configuration.parse(XML11Configuration.java:777)
	at com.sun.org.apache.xerces.internal.parsers.XMLParser.parse(XMLParser.java:141)
	at com.sun.org.apache.xerces.internal.parsers.AbstractSAXParser.parse(AbstractSAXParser.java:1213)
	at com.sun.org.apache.xerces.internal.jaxp.SAXParserImpl$JAXPSAXParser.parse(SAXParserImpl.java:649)
	at org.apache.tomcat.util.digester.Digester.parse(Digester.java:1675)
	at org.apache.catalina.startup.ContextConfig.applicationWebConfig(ContextConfig.java:365)
	at org.apache.catalina.startup.ContextConfig.start(ContextConfig.java:1045)
	at org.apache.catalina.startup.ContextConfig.lifecycleEvent(ContextConfig.java:265)
	at org.apache.catalina.util.LifecycleSupport.fireLifecycleEvent(LifecycleSupport.java:142)
	at org.apache.catalina.core.StandardContext.start(StandardContext.java:4616)
	at org.apache.catalina.startup.HostConfig.checkResources(HostConfig.java:1287)
	at org.apache.catalina.startup.HostConfig.check(HostConfig.java:1385)
	at org.apache.catalina.startup.HostConfig.lifecycleEvent(HostConfig.java:307)
	at org.apache.catalina.util.LifecycleSupport.fireLifecycleEvent(LifecycleSupport.java:142)
	at org.apache.catalina.core.ContainerBase.backgroundProcess(ContainerBase.java:1392)
	at org.apache.catalina.core.ContainerBase$ContainerBackgroundProcessor.processChildren(ContainerBase.java:1656)
	at org.apache.catalina.core.ContainerBase$ContainerBackgroundProcessor.processChildren(ContainerBase.java:1665)
	at org.apache.catalina.core.ContainerBase$ContainerBackgroundProcessor.run(ContainerBase.java:1645)
	at java.lang.Thread.run(Thread.java:745)

Jan 26, 2016 8:50:04 PM org.apache.catalina.startup.ContextConfig applicationWebConfig
SEVERE: Occurred at line 26 column 3
Jan 26, 2016 8:50:04 PM org.apache.catalina.startup.ContextConfig start
SEVERE: Marking this application unavailable due to previous error(s)
Jan 26, 2016 8:50:04 PM org.apache.catalina.core.StandardContext start
SEVERE: Error getConfigured
Jan 26, 2016 8:50:04 PM org.apache.catalina.core.StandardContext start
SEVERE: Context [/twilio] startup failed due to previous errors
Jan 26, 2016 8:51:56 PM org.apache.coyote.http11.Http11Protocol pause
INFO: Pausing Coyote HTTP/1.1 on http-8080
Jan 26, 2016 8:51:57 PM org.apache.catalina.core.StandardService stop
INFO: Stopping service Catalina
Jan 26, 2016 8:51:57 PM org.apache.coyote.http11.Http11Protocol destroy
INFO: Stopping Coyote HTTP/1.1 on http-8080
Jan 26, 2016 8:52:00 PM org.apache.catalina.core.AprLifecycleListener init
INFO: The APR based Apache Tomcat Native library which allows optimal performance in production environments was not found on the java.library.path: /Users/BNG/Library/Java/Extensions:/Library/Java/Extensions:/Network/Library/Java/Extensions:/System/Library/Java/Extensions:/usr/lib/java:.
Jan 26, 2016 8:52:00 PM org.apache.coyote.http11.Http11Protocol init
INFO: Initializing Coyote HTTP/1.1 on http-8080
Jan 26, 2016 8:52:00 PM org.apache.catalina.startup.Catalina load
INFO: Initialization processed in 713 ms
Jan 26, 2016 8:52:00 PM org.apache.catalina.core.StandardService start
INFO: Starting service Catalina
Jan 26, 2016 8:52:00 PM org.apache.catalina.core.StandardEngine start
INFO: Starting Servlet Engine: Apache Tomcat/6.0.44
Jan 26, 2016 8:52:00 PM org.apache.catalina.startup.HostConfig deployDescriptor
INFO: Deploying configuration descriptor host-manager.xml
Jan 26, 2016 8:52:00 PM org.apache.catalina.startup.HostConfig deployDescriptor
INFO: Deploying configuration descriptor manager.xml
Jan 26, 2016 8:52:00 PM org.apache.catalina.startup.HostConfig deployDirectory
INFO: Deploying web application directory docs
Jan 26, 2016 8:52:01 PM org.apache.catalina.startup.HostConfig deployDirectory
INFO: Deploying web application directory examples
Jan 26, 2016 8:52:01 PM org.apache.catalina.startup.HostConfig deployDirectory
INFO: Deploying web application directory ROOT
Jan 26, 2016 8:52:01 PM org.apache.catalina.startup.HostConfig deployDirectory
INFO: Deploying web application directory twilio
Jan 26, 2016 8:52:01 PM org.apache.tomcat.util.digester.Digester fatalError
SEVERE: Parse Fatal Error at line 26 column 3: The element type "servlet" must be terminated by the matching end-tag "</servlet>".
org.xml.sax.SAXParseException; systemId: jndi:/localhost/twilio/WEB-INF/web.xml; lineNumber: 26; columnNumber: 3; The element type "servlet" must be terminated by the matching end-tag "</servlet>".
	at com.sun.org.apache.xerces.internal.util.ErrorHandlerWrapper.createSAXParseException(ErrorHandlerWrapper.java:203)
	at com.sun.org.apache.xerces.internal.util.ErrorHandlerWrapper.fatalError(ErrorHandlerWrapper.java:177)
	at com.sun.org.apache.xerces.internal.impl.XMLErrorReporter.reportError(XMLErrorReporter.java:441)
	at com.sun.org.apache.xerces.internal.impl.XMLErrorReporter.reportError(XMLErrorReporter.java:368)
	at com.sun.org.apache.xerces.internal.impl.XMLScanner.reportFatalError(XMLScanner.java:1436)
	at com.sun.org.apache.xerces.internal.impl.XMLDocumentFragmentScannerImpl.scanEndElement(XMLDocumentFragmentScannerImpl.java:1749)
	at com.sun.org.apache.xerces.internal.impl.XMLDocumentFragmentScannerImpl$FragmentContentDriver.next(XMLDocumentFragmentScannerImpl.java:2973)
	at com.sun.org.apache.xerces.internal.impl.XMLDocumentScannerImpl.next(XMLDocumentScannerImpl.java:606)
	at com.sun.org.apache.xerces.internal.impl.XMLDocumentFragmentScannerImpl.scanDocument(XMLDocumentFragmentScannerImpl.java:510)
	at com.sun.org.apache.xerces.internal.parsers.XML11Configuration.parse(XML11Configuration.java:848)
	at com.sun.org.apache.xerces.internal.parsers.XML11Configuration.parse(XML11Configuration.java:777)
	at com.sun.org.apache.xerces.internal.parsers.XMLParser.parse(XMLParser.java:141)
	at com.sun.org.apache.xerces.internal.parsers.AbstractSAXParser.parse(AbstractSAXParser.java:1213)
	at com.sun.org.apache.xerces.internal.jaxp.SAXParserImpl$JAXPSAXParser.parse(SAXParserImpl.java:649)
	at org.apache.tomcat.util.digester.Digester.parse(Digester.java:1675)
	at org.apache.catalina.startup.ContextConfig.applicationWebConfig(ContextConfig.java:365)
	at org.apache.catalina.startup.ContextConfig.start(ContextConfig.java:1045)
	at org.apache.catalina.startup.ContextConfig.lifecycleEvent(ContextConfig.java:265)
	at org.apache.catalina.util.LifecycleSupport.fireLifecycleEvent(LifecycleSupport.java:142)
	at org.apache.catalina.core.StandardContext.start(StandardContext.java:4616)
	at org.apache.catalina.core.ContainerBase.addChildInternal(ContainerBase.java:802)
	at org.apache.catalina.core.ContainerBase.addChild(ContainerBase.java:779)
	at org.apache.catalina.core.StandardHost.addChild(StandardHost.java:583)
	at org.apache.catalina.startup.HostConfig.deployDirectory(HostConfig.java:1080)
	at org.apache.catalina.startup.HostConfig.deployDirectories(HostConfig.java:1003)
	at org.apache.catalina.startup.HostConfig.deployApps(HostConfig.java:507)
	at org.apache.catalina.startup.HostConfig.start(HostConfig.java:1322)
	at org.apache.catalina.startup.HostConfig.lifecycleEvent(HostConfig.java:325)
	at org.apache.catalina.util.LifecycleSupport.fireLifecycleEvent(LifecycleSupport.java:142)
	at org.apache.catalina.core.ContainerBase.start(ContainerBase.java:1068)
	at org.apache.catalina.core.StandardHost.start(StandardHost.java:822)
	at org.apache.catalina.core.ContainerBase.start(ContainerBase.java:1060)
	at org.apache.catalina.core.StandardEngine.start(StandardEngine.java:463)
	at org.apache.catalina.core.StandardService.start(StandardService.java:525)
	at org.apache.catalina.core.StandardServer.start(StandardServer.java:759)
	at org.apache.catalina.startup.Catalina.start(Catalina.java:595)
	at sun.reflect.NativeMethodAccessorImpl.invoke0(Native Method)
	at sun.reflect.NativeMethodAccessorImpl.invoke(NativeMethodAccessorImpl.java:62)
	at sun.reflect.DelegatingMethodAccessorImpl.invoke(DelegatingMethodAccessorImpl.java:43)
	at java.lang.reflect.Method.invoke(Method.java:483)
	at org.apache.catalina.startup.Bootstrap.start(Bootstrap.java:289)
	at org.apache.catalina.startup.Bootstrap.main(Bootstrap.java:414)

Jan 26, 2016 8:52:01 PM org.apache.catalina.startup.ContextConfig applicationWebConfig
SEVERE: Parse error in application web.xml file at jndi:/localhost/twilio/WEB-INF/web.xml
org.xml.sax.SAXParseException; systemId: jndi:/localhost/twilio/WEB-INF/web.xml; lineNumber: 26; columnNumber: 3; The element type "servlet" must be terminated by the matching end-tag "</servlet>".
	at com.sun.org.apache.xerces.internal.util.ErrorHandlerWrapper.createSAXParseException(ErrorHandlerWrapper.java:203)
	at com.sun.org.apache.xerces.internal.util.ErrorHandlerWrapper.fatalError(ErrorHandlerWrapper.java:177)
	at com.sun.org.apache.xerces.internal.impl.XMLErrorReporter.reportError(XMLErrorReporter.java:441)
	at com.sun.org.apache.xerces.internal.impl.XMLErrorReporter.reportError(XMLErrorReporter.java:368)
	at com.sun.org.apache.xerces.internal.impl.XMLScanner.reportFatalError(XMLScanner.java:1436)
	at com.sun.org.apache.xerces.internal.impl.XMLDocumentFragmentScannerImpl.scanEndElement(XMLDocumentFragmentScannerImpl.java:1749)
	at com.sun.org.apache.xerces.internal.impl.XMLDocumentFragmentScannerImpl$FragmentContentDriver.next(XMLDocumentFragmentScannerImpl.java:2973)
	at com.sun.org.apache.xerces.internal.impl.XMLDocumentScannerImpl.next(XMLDocumentScannerImpl.java:606)
	at com.sun.org.apache.xerces.internal.impl.XMLDocumentFragmentScannerImpl.scanDocument(XMLDocumentFragmentScannerImpl.java:510)
	at com.sun.org.apache.xerces.internal.parsers.XML11Configuration.parse(XML11Configuration.java:848)
	at com.sun.org.apache.xerces.internal.parsers.XML11Configuration.parse(XML11Configuration.java:777)
	at com.sun.org.apache.xerces.internal.parsers.XMLParser.parse(XMLParser.java:141)
	at com.sun.org.apache.xerces.internal.parsers.AbstractSAXParser.parse(AbstractSAXParser.java:1213)
	at com.sun.org.apache.xerces.internal.jaxp.SAXParserImpl$JAXPSAXParser.parse(SAXParserImpl.java:649)
	at org.apache.tomcat.util.digester.Digester.parse(Digester.java:1675)
	at org.apache.catalina.startup.ContextConfig.applicationWebConfig(ContextConfig.java:365)
	at org.apache.catalina.startup.ContextConfig.start(ContextConfig.java:1045)
	at org.apache.catalina.startup.ContextConfig.lifecycleEvent(ContextConfig.java:265)
	at org.apache.catalina.util.LifecycleSupport.fireLifecycleEvent(LifecycleSupport.java:142)
	at org.apache.catalina.core.StandardContext.start(StandardContext.java:4616)
	at org.apache.catalina.core.ContainerBase.addChildInternal(ContainerBase.java:802)
	at org.apache.catalina.core.ContainerBase.addChild(ContainerBase.java:779)
	at org.apache.catalina.core.StandardHost.addChild(StandardHost.java:583)
	at org.apache.catalina.startup.HostConfig.deployDirectory(HostConfig.java:1080)
	at org.apache.catalina.startup.HostConfig.deployDirectories(HostConfig.java:1003)
	at org.apache.catalina.startup.HostConfig.deployApps(HostConfig.java:507)
	at org.apache.catalina.startup.HostConfig.start(HostConfig.java:1322)
	at org.apache.catalina.startup.HostConfig.lifecycleEvent(HostConfig.java:325)
	at org.apache.catalina.util.LifecycleSupport.fireLifecycleEvent(LifecycleSupport.java:142)
	at org.apache.catalina.core.ContainerBase.start(ContainerBase.java:1068)
	at org.apache.catalina.core.StandardHost.start(StandardHost.java:822)
	at org.apache.catalina.core.ContainerBase.start(ContainerBase.java:1060)
	at org.apache.catalina.core.StandardEngine.start(StandardEngine.java:463)
	at org.apache.catalina.core.StandardService.start(StandardService.java:525)
	at org.apache.catalina.core.StandardServer.start(StandardServer.java:759)
	at org.apache.catalina.startup.Catalina.start(Catalina.java:595)
	at sun.reflect.NativeMethodAccessorImpl.invoke0(Native Method)
	at sun.reflect.NativeMethodAccessorImpl.invoke(NativeMethodAccessorImpl.java:62)
	at sun.reflect.DelegatingMethodAccessorImpl.invoke(DelegatingMethodAccessorImpl.java:43)
	at java.lang.reflect.Method.invoke(Method.java:483)
	at org.apache.catalina.startup.Bootstrap.start(Bootstrap.java:289)
	at org.apache.catalina.startup.Bootstrap.main(Bootstrap.java:414)

Jan 26, 2016 8:52:01 PM org.apache.catalina.startup.ContextConfig applicationWebConfig
SEVERE: Occurred at line 26 column 3
Jan 26, 2016 8:52:01 PM org.apache.catalina.startup.ContextConfig start
SEVERE: Marking this application unavailable due to previous error(s)
Jan 26, 2016 8:52:01 PM org.apache.catalina.core.StandardContext start
SEVERE: Error getConfigured
Jan 26, 2016 8:52:01 PM org.apache.catalina.core.StandardContext start
SEVERE: Context [/twilio] startup failed due to previous errors
Jan 26, 2016 8:52:01 PM org.apache.coyote.http11.Http11Protocol start
INFO: Starting Coyote HTTP/1.1 on http-8080
Jan 26, 2016 8:52:01 PM org.apache.jk.common.ChannelSocket init
INFO: JK: ajp13 listening on /0.0.0.0:8009
Jan 26, 2016 8:52:01 PM org.apache.jk.server.JkMain start
INFO: Jk running ID=0 time=0/37  config=null
Jan 26, 2016 8:52:01 PM org.apache.catalina.startup.Catalina start
INFO: Server startup in 1125 ms
Jan 26, 2016 8:54:21 PM org.apache.catalina.startup.HostConfig checkResources
INFO: Reloading context [/twilio]
Jan 26, 2016 8:54:21 PM org.apache.catalina.core.StandardContext stop
INFO: Container org.apache.catalina.core.ContainerBase.[Catalina].[localhost].[/twilio] has not been started
Jan 26, 2016 8:54:33 PM org.apache.coyote.http11.Http11Protocol pause
INFO: Pausing Coyote HTTP/1.1 on http-8080
Jan 26, 2016 8:54:34 PM org.apache.catalina.core.StandardService stop
INFO: Stopping service Catalina
Jan 26, 2016 8:54:34 PM org.apache.coyote.http11.Http11Protocol destroy
INFO: Stopping Coyote HTTP/1.1 on http-8080
Jan 26, 2016 8:54:36 PM org.apache.catalina.core.AprLifecycleListener init
INFO: The APR based Apache Tomcat Native library which allows optimal performance in production environments was not found on the java.library.path: /Users/BNG/Library/Java/Extensions:/Library/Java/Extensions:/Network/Library/Java/Extensions:/System/Library/Java/Extensions:/usr/lib/java:.
Jan 26, 2016 8:54:37 PM org.apache.coyote.http11.Http11Protocol init
INFO: Initializing Coyote HTTP/1.1 on http-8080
Jan 26, 2016 8:54:37 PM org.apache.catalina.startup.Catalina load
INFO: Initialization processed in 767 ms
Jan 26, 2016 8:54:37 PM org.apache.catalina.core.StandardService start
INFO: Starting service Catalina
Jan 26, 2016 8:54:37 PM org.apache.catalina.core.StandardEngine start
INFO: Starting Servlet Engine: Apache Tomcat/6.0.44
Jan 26, 2016 8:54:37 PM org.apache.catalina.startup.HostConfig deployDescriptor
INFO: Deploying configuration descriptor host-manager.xml
Jan 26, 2016 8:54:37 PM org.apache.catalina.startup.HostConfig deployDescriptor
INFO: Deploying configuration descriptor manager.xml
Jan 26, 2016 8:54:37 PM org.apache.catalina.startup.HostConfig deployDirectory
INFO: Deploying web application directory docs
Jan 26, 2016 8:54:37 PM org.apache.catalina.startup.HostConfig deployDirectory
INFO: Deploying web application directory examples
Jan 26, 2016 8:54:38 PM org.apache.catalina.startup.HostConfig deployDirectory
INFO: Deploying web application directory ROOT
Jan 26, 2016 8:54:38 PM org.apache.catalina.startup.HostConfig deployDirectory
INFO: Deploying web application directory twilio
Jan 26, 2016 8:54:38 PM org.apache.coyote.http11.Http11Protocol start
INFO: Starting Coyote HTTP/1.1 on http-8080
Jan 26, 2016 8:54:38 PM org.apache.jk.common.ChannelSocket init
INFO: JK: ajp13 listening on /0.0.0.0:8009
Jan 26, 2016 8:54:38 PM org.apache.jk.server.JkMain start
INFO: Jk running ID=0 time=0/20  config=null
Jan 26, 2016 8:54:38 PM org.apache.catalina.startup.Catalina start
INFO: Server startup in 909 ms
Jan 26, 2016 9:11:45 PM org.apache.coyote.http11.Http11Protocol pause
INFO: Pausing Coyote HTTP/1.1 on http-8080
Jan 26, 2016 9:11:46 PM org.apache.catalina.core.StandardService stop
INFO: Stopping service Catalina
Jan 26, 2016 9:11:46 PM org.apache.coyote.http11.Http11Protocol destroy
INFO: Stopping Coyote HTTP/1.1 on http-8080
Jan 26, 2016 9:11:49 PM org.apache.catalina.core.AprLifecycleListener init
INFO: The APR based Apache Tomcat Native library which allows optimal performance in production environments was not found on the java.library.path: /Users/BNG/Library/Java/Extensions:/Library/Java/Extensions:/Network/Library/Java/Extensions:/System/Library/Java/Extensions:/usr/lib/java:.
Jan 26, 2016 9:11:49 PM org.apache.coyote.http11.Http11Protocol init
INFO: Initializing Coyote HTTP/1.1 on http-8080
Jan 26, 2016 9:11:49 PM org.apache.catalina.startup.Catalina load
INFO: Initialization processed in 741 ms
Jan 26, 2016 9:11:49 PM org.apache.catalina.core.StandardService start
INFO: Starting service Catalina
Jan 26, 2016 9:11:49 PM org.apache.catalina.core.StandardEngine start
INFO: Starting Servlet Engine: Apache Tomcat/6.0.44
Jan 26, 2016 9:11:49 PM org.apache.catalina.startup.HostConfig deployDescriptor
INFO: Deploying configuration descriptor host-manager.xml
Jan 26, 2016 9:11:49 PM org.apache.catalina.startup.HostConfig deployDescriptor
INFO: Deploying configuration descriptor manager.xml
Jan 26, 2016 9:11:50 PM org.apache.catalina.startup.HostConfig deployDirectory
INFO: Deploying web application directory docs
Jan 26, 2016 9:11:50 PM org.apache.catalina.startup.HostConfig deployDirectory
INFO: Deploying web application directory examples
Jan 26, 2016 9:11:50 PM org.apache.catalina.startup.HostConfig deployDirectory
INFO: Deploying web application directory ROOT
Jan 26, 2016 9:11:50 PM org.apache.catalina.startup.HostConfig deployDirectory
INFO: Deploying web application directory twilio
Jan 26, 2016 9:11:50 PM org.apache.coyote.http11.Http11Protocol start
INFO: Starting Coyote HTTP/1.1 on http-8080
Jan 26, 2016 9:11:50 PM org.apache.jk.common.ChannelSocket init
INFO: JK: ajp13 listening on /0.0.0.0:8009
Jan 26, 2016 9:11:50 PM org.apache.jk.server.JkMain start
INFO: Jk running ID=0 time=0/21  config=null
Jan 26, 2016 9:11:50 PM org.apache.catalina.startup.Catalina start
INFO: Server startup in 961 ms
Jan 26, 2016 9:17:00 PM org.apache.coyote.http11.Http11Protocol pause
INFO: Pausing Coyote HTTP/1.1 on http-8080
Jan 26, 2016 9:17:01 PM org.apache.catalina.core.StandardService stop
INFO: Stopping service Catalina
Jan 26, 2016 9:17:01 PM org.apache.coyote.http11.Http11Protocol destroy
INFO: Stopping Coyote HTTP/1.1 on http-8080
Jan 26, 2016 9:17:03 PM org.apache.catalina.core.AprLifecycleListener init
INFO: The APR based Apache Tomcat Native library which allows optimal performance in production environments was not found on the java.library.path: /Users/BNG/Library/Java/Extensions:/Library/Java/Extensions:/Network/Library/Java/Extensions:/System/Library/Java/Extensions:/usr/lib/java:.
Jan 26, 2016 9:17:03 PM org.apache.coyote.http11.Http11Protocol init
INFO: Initializing Coyote HTTP/1.1 on http-8080
Jan 26, 2016 9:17:03 PM org.apache.catalina.startup.Catalina load
INFO: Initialization processed in 949 ms
Jan 26, 2016 9:17:03 PM org.apache.catalina.core.StandardService start
INFO: Starting service Catalina
Jan 26, 2016 9:17:03 PM org.apache.catalina.core.StandardEngine start
INFO: Starting Servlet Engine: Apache Tomcat/6.0.44
Jan 26, 2016 9:17:03 PM org.apache.catalina.startup.HostConfig deployDescriptor
INFO: Deploying configuration descriptor host-manager.xml
Jan 26, 2016 9:17:04 PM org.apache.catalina.startup.HostConfig deployDescriptor
INFO: Deploying configuration descriptor manager.xml
Jan 26, 2016 9:17:04 PM org.apache.catalina.startup.HostConfig deployDirectory
INFO: Deploying web application directory docs
Jan 26, 2016 9:17:04 PM org.apache.catalina.startup.HostConfig deployDirectory
INFO: Deploying web application directory examples
Jan 26, 2016 9:17:04 PM org.apache.catalina.startup.HostConfig deployDirectory
INFO: Deploying web application directory ROOT
Jan 26, 2016 9:17:04 PM org.apache.catalina.startup.HostConfig deployDirectory
INFO: Deploying web application directory twilio
Jan 26, 2016 9:17:04 PM org.apache.coyote.http11.Http11Protocol start
INFO: Starting Coyote HTTP/1.1 on http-8080
Jan 26, 2016 9:17:04 PM org.apache.jk.common.ChannelSocket init
INFO: JK: ajp13 listening on /0.0.0.0:8009
Jan 26, 2016 9:17:04 PM org.apache.jk.server.JkMain start
INFO: Jk running ID=0 time=0/22  config=null
Jan 26, 2016 9:17:04 PM org.apache.catalina.startup.Catalina start
INFO: Server startup in 1032 ms
Jan 26, 2016 9:21:24 PM org.apache.catalina.startup.HostConfig checkResources
INFO: Reloading context [/twilio]
Jan 26, 2016 9:29:37 PM org.apache.coyote.http11.Http11Protocol pause
INFO: Pausing Coyote HTTP/1.1 on http-8080
Jan 26, 2016 9:29:38 PM org.apache.catalina.core.StandardService stop
INFO: Stopping service Catalina
Jan 26, 2016 9:29:38 PM org.apache.coyote.http11.Http11Protocol destroy
INFO: Stopping Coyote HTTP/1.1 on http-8080
Jan 26, 2016 9:29:44 PM org.apache.catalina.core.AprLifecycleListener init
INFO: The APR based Apache Tomcat Native library which allows optimal performance in production environments was not found on the java.library.path: /Users/BNG/Library/Java/Extensions:/Library/Java/Extensions:/Network/Library/Java/Extensions:/System/Library/Java/Extensions:/usr/lib/java:.
Jan 26, 2016 9:29:44 PM org.apache.coyote.http11.Http11Protocol init
INFO: Initializing Coyote HTTP/1.1 on http-8080
Jan 26, 2016 9:29:44 PM org.apache.catalina.startup.Catalina load
INFO: Initialization processed in 1005 ms
Jan 26, 2016 9:29:44 PM org.apache.catalina.core.StandardService start
INFO: Starting service Catalina
Jan 26, 2016 9:29:44 PM org.apache.catalina.core.StandardEngine start
INFO: Starting Servlet Engine: Apache Tomcat/6.0.44
Jan 26, 2016 9:29:44 PM org.apache.catalina.startup.HostConfig deployDescriptor
INFO: Deploying configuration descriptor host-manager.xml
Jan 26, 2016 9:29:45 PM org.apache.catalina.startup.HostConfig deployDescriptor
INFO: Deploying configuration descriptor manager.xml
Jan 26, 2016 9:29:45 PM org.apache.catalina.startup.HostConfig deployDirectory
INFO: Deploying web application directory docs
Jan 26, 2016 9:29:45 PM org.apache.catalina.startup.HostConfig deployDirectory
INFO: Deploying web application directory examples
Jan 26, 2016 9:29:45 PM org.apache.catalina.startup.HostConfig deployDirectory
INFO: Deploying web application directory ROOT
Jan 26, 2016 9:29:45 PM org.apache.catalina.startup.HostConfig deployDirectory
INFO: Deploying web application directory twilio
Jan 26, 2016 9:29:45 PM org.apache.coyote.http11.Http11Protocol start
INFO: Starting Coyote HTTP/1.1 on http-8080
Jan 26, 2016 9:29:45 PM org.apache.jk.common.ChannelSocket init
INFO: JK: ajp13 listening on /0.0.0.0:8009
Jan 26, 2016 9:29:45 PM org.apache.jk.server.JkMain start
INFO: Jk running ID=0 time=0/20  config=null
Jan 26, 2016 9:29:45 PM org.apache.catalina.startup.Catalina start
INFO: Server startup in 975 ms
Jan 26, 2016 9:32:50 PM org.apache.coyote.http11.Http11Protocol pause
INFO: Pausing Coyote HTTP/1.1 on http-8080
Jan 26, 2016 9:32:51 PM org.apache.catalina.core.StandardService stop
INFO: Stopping service Catalina
Jan 26, 2016 9:32:51 PM org.apache.coyote.http11.Http11Protocol destroy
INFO: Stopping Coyote HTTP/1.1 on http-8080
Jan 26, 2016 9:32:53 PM org.apache.catalina.core.AprLifecycleListener init
INFO: The APR based Apache Tomcat Native library which allows optimal performance in production environments was not found on the java.library.path: /Users/BNG/Library/Java/Extensions:/Library/Java/Extensions:/Network/Library/Java/Extensions:/System/Library/Java/Extensions:/usr/lib/java:.
Jan 26, 2016 9:32:53 PM org.apache.coyote.http11.Http11Protocol init
INFO: Initializing Coyote HTTP/1.1 on http-8080
Jan 26, 2016 9:32:53 PM org.apache.catalina.startup.Catalina load
INFO: Initialization processed in 967 ms
Jan 26, 2016 9:32:53 PM org.apache.catalina.core.StandardService start
INFO: Starting service Catalina
Jan 26, 2016 9:32:53 PM org.apache.catalina.core.StandardEngine start
INFO: Starting Servlet Engine: Apache Tomcat/6.0.44
Jan 26, 2016 9:32:54 PM org.apache.catalina.startup.HostConfig deployDescriptor
INFO: Deploying configuration descriptor host-manager.xml
Jan 26, 2016 9:32:54 PM org.apache.catalina.startup.HostConfig deployDescriptor
INFO: Deploying configuration descriptor manager.xml
Jan 26, 2016 9:32:54 PM org.apache.catalina.startup.HostConfig deployDirectory
INFO: Deploying web application directory docs
Jan 26, 2016 9:32:54 PM org.apache.catalina.startup.HostConfig deployDirectory
INFO: Deploying web application directory examples
Jan 26, 2016 9:32:54 PM org.apache.catalina.startup.HostConfig deployDirectory
INFO: Deploying web application directory ROOT
Jan 26, 2016 9:32:54 PM org.apache.catalina.startup.HostConfig deployDirectory
INFO: Deploying web application directory twilio
Jan 26, 2016 9:32:54 PM org.apache.coyote.http11.Http11Protocol start
INFO: Starting Coyote HTTP/1.1 on http-8080
Jan 26, 2016 9:32:54 PM org.apache.jk.common.ChannelSocket init
INFO: JK: ajp13 listening on /0.0.0.0:8009
Jan 26, 2016 9:32:54 PM org.apache.jk.server.JkMain start
INFO: Jk running ID=0 time=0/21  config=null
Jan 26, 2016 9:32:54 PM org.apache.catalina.startup.Catalina start
INFO: Server startup in 1001 ms
Jan 26, 2016 9:35:16 PM org.apache.coyote.http11.Http11Protocol pause
INFO: Pausing Coyote HTTP/1.1 on http-8080
Jan 26, 2016 9:35:17 PM org.apache.catalina.core.StandardService stop
INFO: Stopping service Catalina
Jan 26, 2016 9:35:17 PM org.apache.coyote.http11.Http11Protocol destroy
INFO: Stopping Coyote HTTP/1.1 on http-8080
Jan 26, 2016 9:35:18 PM org.apache.catalina.core.AprLifecycleListener init
INFO: The APR based Apache Tomcat Native library which allows optimal performance in production environments was not found on the java.library.path: /Users/BNG/Library/Java/Extensions:/Library/Java/Extensions:/Network/Library/Java/Extensions:/System/Library/Java/Extensions:/usr/lib/java:.
Jan 26, 2016 9:35:18 PM org.apache.coyote.http11.Http11Protocol init
INFO: Initializing Coyote HTTP/1.1 on http-8080
Jan 26, 2016 9:35:18 PM org.apache.catalina.startup.Catalina load
INFO: Initialization processed in 734 ms
Jan 26, 2016 9:35:18 PM org.apache.catalina.core.StandardService start
INFO: Starting service Catalina
Jan 26, 2016 9:35:18 PM org.apache.catalina.core.StandardEngine start
INFO: Starting Servlet Engine: Apache Tomcat/6.0.44
Jan 26, 2016 9:35:18 PM org.apache.catalina.startup.HostConfig deployDescriptor
INFO: Deploying configuration descriptor host-manager.xml
Jan 26, 2016 9:35:19 PM org.apache.catalina.startup.HostConfig deployDescriptor
INFO: Deploying configuration descriptor manager.xml
Jan 26, 2016 9:35:19 PM org.apache.catalina.startup.HostConfig deployDirectory
INFO: Deploying web application directory docs
Jan 26, 2016 9:35:19 PM org.apache.catalina.startup.HostConfig deployDirectory
INFO: Deploying web application directory examples
Jan 26, 2016 9:35:19 PM org.apache.catalina.startup.HostConfig deployDirectory
INFO: Deploying web application directory ROOT
Jan 26, 2016 9:35:19 PM org.apache.catalina.startup.HostConfig deployDirectory
INFO: Deploying web application directory twilio
Jan 26, 2016 9:35:19 PM org.apache.coyote.http11.Http11Protocol start
INFO: Starting Coyote HTTP/1.1 on http-8080
Jan 26, 2016 9:35:19 PM org.apache.jk.common.ChannelSocket init
INFO: JK: ajp13 listening on /0.0.0.0:8009
Jan 26, 2016 9:35:19 PM org.apache.jk.server.JkMain start
INFO: Jk running ID=0 time=0/32  config=null
Jan 26, 2016 9:35:19 PM org.apache.catalina.startup.Catalina start
INFO: Server startup in 975 ms
Jan 26, 2016 10:58:44 PM org.apache.coyote.http11.Http11Protocol pause
INFO: Pausing Coyote HTTP/1.1 on http-8080
Jan 26, 2016 10:58:45 PM org.apache.catalina.core.StandardService stop
INFO: Stopping service Catalina
Jan 26, 2016 10:58:45 PM org.apache.coyote.http11.Http11Protocol destroy
INFO: Stopping Coyote HTTP/1.1 on http-8080
